Flutter crash report.
Please report a bug at https://github.com/flutter/flutter/issues.

## command

flutter --no-color run --machine --track-widget-creation --device-id=emulator-5554 --start-paused --dart-define=flutter.inspector.structuredErrors=true lib\main.dart

## exception

SocketException: SocketException: OS Error: 소켓이 연결되어 있지 않거나 Sendto 호출을 사용하여 데이터그램 소켓에 보내는 경우에 주소가 제공되지 않아서 데이터를 보내거나 받도록 요청할 수 없습니다.
, errno = 10057, address = 127.0.0.1, port = 54779

```
```

## flutter doctor

```
[✓] Flutter (Channel stable, 1.22.6, on Microsoft Windows [Version 10.0.18363.1379], locale ko-KR)
    • Flutter version 1.22.6 at D:\DEV\win\flutter
    • Framework revision 9b2d32b605 (6 weeks ago), 2021-01-22 14:36:39 -0800
    • Engine revision 2f0af37152
    • Dart version 2.10.5

[✓] Android toolchain - develop for Android devices (Android SDK version 30.0.2)
    • Android SDK at C:\Users\lafared\AppData\Local\Android\sdk
    • Platform android-30, build-tools 30.0.2
    • Java binary at: D:\DEV\android\jre\bin\java
    • Java version OpenJDK Runtime Environment (build 1.8.0_242-release-1644-b01)
    • All Android licenses accepted.

[!] Android Studio (version 4.1.0)
    • Android Studio at D:\DEV\android
    ✗ Flutter plugin not installed; this adds Flutter specific functionality.
    ✗ Dart plugin not installed; this adds Dart specific functionality.
    • Java version OpenJDK Runtime Environment (build 1.8.0_242-release-1644-b01)

[✓] Connected device (1 available)
    • sdk gphone x86 arm (mobile) • emulator-5554 • android-x86 • Android 11 (API 30) (emulator)

! Doctor found issues in 1 category.
```
